<?xml version="1.0" encoding="UTF-8"?>
<testsuite xmlns:xsi="http://www.w3.org/2001/XMLSchema-instance" xsi:noNamespaceSchemaLocation="https://maven.apache.org/surefire/maven-surefire-plugin/xsd/surefire-test-report-3.0.xsd" version="3.0" name="bookkeep.models.states.FinishedStateTest" time="0.041" tests="8" errors="0" skipped="0" failures="0">
  <properties>
[...]
</properties>
  <testcase name="testHandleCommentAddsAfterThoughtEvent" classname="bookkeep.models.states.FinishedStateTest" time="0.002"/>
  <testcase name="testStartReadingThrowsException" classname="bookkeep.models.states.FinishedStateTest" time="0.004"/>
  <testcase name="testIncrementPageNumberThrowsException" classname="bookkeep.models.states.FinishedStateTest" time="0.002"/>
  <testcase name="testHandleQuoteAddsEvent" classname="bookkeep.models.states.FinishedStateTest" time="0.002"/>
  <testcase name="testStopReadingThrowsException" classname="bookkeep.models.states.FinishedStateTest" time="0.003"/>
  <testcase name="testGetStateName" classname="bookkeep.models.states.FinishedStateTest" time="0.001"/>
  <testcase name="testHandleReadingDurationIsPositive" classname="bookkeep.models.states.FinishedStateTest" time="0.003"/>
  <testcase name="testHandleReviewAddsAndOverridesReview" classname="bookkeep.models.states.FinishedStateTest" time="0.012"/>
</testsuite>