<?xml version="1.0" encoding="UTF-8"?>
<testsuite xmlns:xsi="http://www.w3.org/2001/XMLSchema-instance" xsi:noNamespaceSchemaLocation="https://maven.apache.org/surefire/maven-surefire-plugin/xsd/surefire-test-report-3.0.xsd" version="3.0" name="bookkeep.models.OwnedBookTest" time="0.098" tests="11" errors="0" skipped="0" failures="0">
  <properties>
[...]
</properties>
  <testcase name="testSetAndGetPageNumber" classname="bookkeep.models.OwnedBookTest" time="0.001"/>
  <testcase name="testTransitionToFinishedStateAndMethods" classname="bookkeep.models.OwnedBookTest" time="0.009"/>
  <testcase name="testNotStartedStateMethodsThrow" classname="bookkeep.models.OwnedBookTest" time="0.004"/>
  <testcase name="testInProgressStateReviewThrows" classname="bookkeep.models.OwnedBookTest" time="0.002"/>
  <testcase name="testTransitionToInProgressAndIncrementPage" classname="bookkeep.models.OwnedBookTest" time="0.001"/>
  <testcase name="testReadingDurationInInProgressState" classname="bookkeep.models.OwnedBookTest" time="0.054"/>
  <testcase name="testSetPageNumberInvalidThrowsException" classname="bookkeep.models.OwnedBookTest" time="0.004"/>
  <testcase name="testInitialState" classname="bookkeep.models.OwnedBookTest" time="0.002"/>
  <testcase name="testGetAndSetFormat" classname="bookkeep.models.OwnedBookTest" time="0.001"/>
  <testcase name="testAddQuoteInFinishedState" classname="bookkeep.models.OwnedBookTest" time="0.005"/>
  <testcase name="testInProgressStateAddQuote" classname="bookkeep.models.OwnedBookTest" time="0.002"/>
</testsuite>